2025-09-22 11:13:24,933 - INFO - 开始数据重置 - 北京时间: 2025-09-22 11:13
2025-09-22 11:13:24,934 - INFO - 数据库备份已创建: /Users/lichuansong/Desktop/projects/wlxj_python/backup/database_backup_before_reset_20250922_111324.db
2025-09-22 11:13:24,937 - INFO - 开始清理数据库数据...
2025-09-22 11:13:24,937 - INFO - 清理 报价记录 (quotes): 244 条记录
2025-09-22 11:13:24,937 - INFO - 清理 订单供应商关联 (order_suppliers): 6 条记录
2025-09-22 11:13:24,938 - INFO - 清理 订单 (orders): 102 条记录
2025-09-22 11:13:24,938 - INFO - 清理 供应商 (suppliers): 3 条记录
2025-09-22 11:13:24,938 - INFO - 清理非管理员用户: 2 条记录
2025-09-22 11:13:24,938 - INFO - sqlite_sequence表不存在，跳过自增ID重置
2025-09-22 11:13:24,939 - INFO - 数据库重置完成
2025-09-22 11:13:24,939 - INFO - 验证数据清理结果...
2025-09-22 11:13:24,939 - INFO - 报价表已清空 ✓
2025-09-22 11:13:24,939 - INFO - 订单表已清空 ✓
2025-09-22 11:13:24,939 - INFO - 供应商表已清空 ✓
2025-09-22 11:13:24,940 - INFO - 订单供应商关联表已清空 ✓
2025-09-22 11:13:24,940 - INFO - 管理员用户: 1 个
2025-09-22 11:13:24,940 - INFO - 非管理员用户: 0 个
2025-09-22 11:13:24,940 - INFO - 已存在 1 个管理员用户
2025-09-22 11:13:24,940 - INFO - 数据重置完成 - 北京时间: 2025-09-22 11:13
2025-09-22 11:13:24,940 - INFO - 耗时: 0.01 秒
2025-09-22 11:13:24,940 - INFO - 备份文件: /Users/lichuansong/Desktop/projects/wlxj_python/backup/database_backup_before_reset_20250922_111324.db
